test 1 , nx 256, term 5, p0: 0.100000, p[-1]: 0.500000
iteration 1 compute time:  0.164022 sec
iteration 2 compute time:  0.000667 sec
iteration 3 compute time:  0.000110 sec
iteration 4 compute time:  0.000107 sec
iteration 5 compute time:  0.000105 sec
compute results are verifed success!
test 2 , nx 128000000, term 11, p0: 0.100000, p[-1]: 0.600000
iteration 1 compute time:  0.318952 sec
iteration 2 compute time:  0.039400 sec
iteration 3 compute time:  0.068896 sec
iteration 4 compute time:  0.068326 sec
iteration 5 compute time:  0.069055 sec
compute results are verifed success!
test 3 , nx 5000000000, term 15, p0: 0.100000, p[-1]: 0.800000
iteration 1 compute time: 11.417253 sec
iteration 2 compute time: 10.831227 sec
iteration 3 compute time: 10.950143 sec
iteration 4 compute time: 26.318650 sec
iteration 5 compute time:  1.682065 sec
compute results are verifed success!
all test cases compute time is 61.928978 sec.
